0 info it worked if it ends with ok
1 verbose cli [ '/usr/local/Cellar/node/5.1.1/bin/node',
1 verbose cli   '/usr/local/bin/npm',
1 verbose cli   'run',
1 verbose cli   'start' ]
2 info using npm@3.10.3
3 info using node@v6.4.0
4 verbose run-script [ 'prestart', 'start', 'poststart' ]
5 info lifecycle ng2chat@1.0.0~prestart: ng2chat@1.0.0
6 silly lifecycle ng2chat@1.0.0~prestart: no script for prestart, continuing
7 info lifecycle ng2chat@1.0.0~start: ng2chat@1.0.0
8 verbose lifecycle ng2chat@1.0.0~start: unsafe-perm in lifecycle true
9 verbose lifecycle ng2chat@1.0.0~start: PATH: /usr/local/lib/node_modules/npm/bin/node-gyp-bin:/Users/cassian.lup/Sites/training/ng2chat/node_modules/.bin:/usr/local/Cellar/node/5.1.1/bin:~/.composer/vendor/bin:/usr/local/php5/bin:/Library/Frameworks/Python.framework/Versions/3.5/bin:/Users/cassian.lup/.rvm/gems/ruby-2.2.1/bin:/Users/cassian.lup/.rvm/gems/ruby-2.2.1@global/bin:/Users/cassian.lup/.rvm/rubies/ruby-2.2.1/bin:/usr/local/bin:/usr/bin:/bin:/usr/sbin:/sbin:/Users/cassian.lup/.rvm/bin
10 verbose lifecycle ng2chat@1.0.0~start: CWD: /Users/cassian.lup/Sites/training/ng2chat
11 silly lifecycle ng2chat@1.0.0~start: Args: [ '-c', 'webpack-dev-server --config ./webpack/webpack.dev.js' ]
12 silly lifecycle ng2chat@1.0.0~start: Returned: code: 1  signal: null
13 info lifecycle ng2chat@1.0.0~start: Failed to exec start script
14 verbose stack Error: ng2chat@1.0.0 start: `webpack-dev-server --config ./webpack/webpack.dev.js`
14 verbose stack Exit status 1
14 verbose stack     at EventEmitter.<anonymous> (/usr/local/lib/node_modules/npm/lib/utils/lifecycle.js:242:16)
14 verbose stack     at emitTwo (events.js:106:13)
14 verbose stack     at EventEmitter.emit (events.js:191:7)
14 verbose stack     at ChildProcess.<anonymous> (/usr/local/lib/node_modules/npm/lib/utils/spawn.js:40:14)
14 verbose stack     at emitTwo (events.js:106:13)
14 verbose stack     at ChildProcess.emit (events.js:191:7)
14 verbose stack     at maybeClose (internal/child_process.js:852:16)
14 verbose stack     at Process.ChildProcess._handle.onexit (internal/child_process.js:215:5)
15 verbose pkgid ng2chat@1.0.0
16 verbose cwd /Users/cassian.lup/Sites/training/ng2chat/client
17 error Darwin 15.6.0
18 error argv "/usr/local/Cellar/node/5.1.1/bin/node" "/usr/local/bin/npm" "run" "start"
19 error node v6.4.0
20 error npm  v3.10.3
21 error code ELIFECYCLE
22 error ng2chat@1.0.0 start: `webpack-dev-server --config ./webpack/webpack.dev.js`
22 error Exit status 1
23 error Failed at the ng2chat@1.0.0 start script 'webpack-dev-server --config ./webpack/webpack.dev.js'.
23 error Make sure you have the latest version of node.js and npm installed.
23 error If you do, this is most likely a problem with the ng2chat package,
23 error not with npm itself.
23 error Tell the author that this fails on your system:
23 error     webpack-dev-server --config ./webpack/webpack.dev.js
23 error You can get information on how to open an issue for this project with:
23 error     npm bugs ng2chat
23 error Or if that isn't available, you can get their info via:
23 error     npm owner ls ng2chat
23 error There is likely additional logging output above.
24 verbose exit [ 1, true ]
